\BOOKMARK [0][-]{chapter.1}{\376\377\000P\000r\000o\000b\000l\000e\000m\000\040\000S\000t\000a\000t\000e\000m\000e\000n\000t}{}% 1
\BOOKMARK [1][-]{section.1.1}{\376\377\000O\000b\000j\000e\000c\000t\000i\000v\000e\000s}{chapter.1}% 2
\BOOKMARK [1][-]{section.1.2}{\376\377\000A\000i\000m}{chapter.1}% 3
\BOOKMARK [1][-]{section.1.3}{\376\377\000S\000i\000g\000n\000i\000f\000i\000c\000a\000n\000c\000e\000\040\000o\000f\000\040\000t\000h\000e\000\040\000S\000t\000u\000d\000y}{chapter.1}% 4
\BOOKMARK [0][-]{chapter.2}{\376\377\000R\000e\000s\000e\000a\000r\000c\000h\000\040\000m\000e\000t\000h\000o\000d\000o\000l\000o\000g\000y}{}% 5
\BOOKMARK [1][-]{subsection.2.0.1}{\376\377\000D\000a\000t\000a\000\040\000C\000o\000l\000l\000e\000c\000t\000i\000o\000n}{chapter.2}% 6
\BOOKMARK [2][-]{subsection.2.0.2}{\376\377\000T\000e\000x\000t\000\040\000P\000r\000e\000p\000a\000r\000a\000t\000i\000o\000n}{subsection.2.0.1}% 7
\BOOKMARK [2][-]{subsection.2.0.3}{\376\377\000S\000e\000n\000t\000i\000m\000e\000n\000t\000\040\000D\000e\000t\000e\000c\000t\000i\000o\000n}{subsection.2.0.1}% 8
\BOOKMARK [2][-]{subsection.2.0.4}{\376\377\000S\000e\000n\000t\000i\000m\000e\000n\000t\000\040\000C\000l\000a\000s\000s\000i\000f\000i\000c\000a\000t\000i\000o\000n}{subsection.2.0.1}% 9
\BOOKMARK [2][-]{subsection.2.0.5}{\376\377\000P\000r\000e\000s\000e\000n\000t\000a\000t\000i\000o\000n\000\040\000o\000f\000\040\000O\000u\000t\000p\000u\000t}{subsection.2.0.1}% 10
\BOOKMARK [1][-]{section.2.1}{\376\377\000L\000i\000m\000i\000t\000a\000t\000i\000o\000n\000s}{chapter.2}% 11
\BOOKMARK [2][-]{subsection.2.1.1}{\376\377\000D\000e\000l\000i\000m\000i\000t\000a\000t\000i\000o\000n\000s\000\040\000o\000f\000\040\000t\000h\000e\000\040\000s\000t\000u\000d\000y}{section.2.1}% 12
\BOOKMARK [1][-]{section.2.2}{\376\377\000L\000i\000t\000e\000r\000a\000t\000u\000r\000e\000\040\000R\000e\000v\000i\000e\000w}{chapter.2}% 13
\BOOKMARK [2][-]{subsection.2.2.1}{\376\377\000O\000v\000e\000r\000v\000i\000e\000w}{section.2.2}% 14
\BOOKMARK [2][-]{subsection.2.2.2}{\376\377\000S\000e\000n\000t\000i\000m\000e\000n\000t\000\040\000A\000n\000a\000l\000y\000s\000i\000s}{section.2.2}% 15
\BOOKMARK [2][-]{subsection.2.2.3}{\376\377\000I\000n\000t\000r\000o\000d\000u\000c\000t\000i\000o\000n}{section.2.2}% 16
\BOOKMARK [2][-]{subsection.2.2.4}{\376\377\000R\000e\000l\000a\000t\000e\000d\000\040\000w\000o\000r\000k}{section.2.2}% 17
\BOOKMARK [2][-]{subsection.2.2.5}{\376\377\000C\000o\000m\000p\000u\000t\000a\000t\000i\000o\000n\000\040\000S\000c\000i\000e\000n\000c\000e\000\040\000T\000e\000c\000h\000n\000i\000q\000u\000e\000s}{section.2.2}% 18
\BOOKMARK [2][-]{subsection.2.2.6}{\376\377\000M\000a\000c\000h\000i\000n\000e\000\040\000L\000e\000a\000r\000n\000i\000n\000g\000\040\000T\000y\000p\000e\000s}{section.2.2}% 19
\BOOKMARK [2][-]{subsection.2.2.7}{\376\377\000E\000x\000a\000m\000p\000l\000e\000s\000\040\000o\000f\000\040\000M\000a\000c\000h\000i\000n\000e\000\040\000L\000e\000a\000r\000n\000i\000n\000g\000\040\000A\000l\000g\000o\000r\000i\000t\000h\000m\000s}{section.2.2}% 20
\BOOKMARK [2][-]{subsection.2.2.8}{\376\377\000M\000a\000x\000i\000m\000u\000m\000\040\000E\000n\000t\000r\000o\000p\000y\000\040\000\050\000s\000u\000p\000e\000r\000v\000i\000s\000e\000d\000\051}{section.2.2}% 21
\BOOKMARK [2][-]{subsection.2.2.9}{\376\377\000S\000u\000p\000p\000o\000r\000t\000\040\000V\000e\000c\000t\000o\000r\000\040\000M\000a\000c\000h\000i\000n\000e\000s\000\040\000\050\000s\000u\000p\000e\000r\000v\000i\000s\000e\000d\000\051}{section.2.2}% 22
\BOOKMARK [2][-]{subsection.2.2.10}{\376\377\000K\000-\000M\000e\000a\000n\000s\000\040\000C\000l\000u\000s\000t\000e\000r\000i\000n\000g\000\040\000\050\000u\000n\000s\000u\000p\000e\000r\000v\000i\000s\000e\000d\000\051}{section.2.2}% 23
\BOOKMARK [1][-]{section.2.3}{\376\377\000S\000t\000u\000d\000i\000e\000s\000\040\000o\000n\000\040\000S\000e\000n\000t\000i\000m\000e\000n\000t\000\040\000A\000n\000a\000l\000y\000s\000i\000s\000\040\000U\000s\000i\000n\000g\000\040\000t\000h\000e\000\040\000N\000a\000\357\000v\000e\000\040\000B\000a\000y\000e\000s\000\040\000C\000l\000a\000s\000s\000i\000f\000i\000e\000r}{chapter.2}% 24
\BOOKMARK [2][-]{subsection.2.3.1}{\376\377\000C\000h\000o\000o\000s\000i\000n\000g\000\040\000t\000h\000e\000\040\000t\000r\000a\000i\000n\000i\000n\000g\000\040\000s\000e\000t}{section.2.3}% 25
\BOOKMARK [2][-]{subsection.2.3.2}{\376\377\000r\000e\000s\000u\000l\000t\000s}{section.2.3}% 26
\BOOKMARK [2][-]{subsection.2.3.3}{\376\377\000S\000t\000r\000e\000n\000g\000t\000h\000s\000\040\000a\000n\000d\000\040\000C\000h\000a\000l\000l\000e\000n\000g\000e\000s\000\040\000o\000f\000\040\000t\000h\000i\000s\000\040\000M\000e\000t\000h\000o\000d}{section.2.3}% 27
\BOOKMARK [2][-]{subsection.2.3.4}{\376\377\000S\000t\000u\000d\000i\000e\000s\000\040\000o\000n\000\040\000T\000e\000r\000m\000\040\000F\000r\000e\000q\000u\000e\000n\000c\000y\040\024\000I\000n\000v\000e\000r\000s\000e\000\040\000D\000o\000c\000u\000m\000e\000n\000t\000\040\000F\000r\000e\000q\000u\000e\000n\000c\000y}{section.2.3}% 28
\BOOKMARK [2][-]{subsection.2.3.5}{\376\377\000S\000t\000u\000d\000i\000e\000s\000\040\000U\000s\000i\000n\000g\000\040\000L\000e\000x\000i\000c\000o\000n\000-\000D\000r\000i\000v\000e\000n\000\040\000M\000e\000t\000h\000o\000d\000s}{section.2.3}% 29
\BOOKMARK [2][-]{subsection.2.3.6}{\376\377\000S\000t\000u\000d\000i\000e\000s\000\040\000U\000s\000i\000n\000g\000\040\000G\000r\000a\000p\000h\000-\000B\000a\000s\000e\000d\000\040\000L\000a\000b\000e\000l\000\040\000P\000r\000o\000p\000a\000g\000a\000t\000i\000o\000n}{section.2.3}% 30
\BOOKMARK [2][-]{subsection.2.3.7}{\376\377\000S\000t\000u\000d\000i\000e\000s\000\040\000o\000n\000\040\000P\000r\000e\000d\000i\000c\000t\000i\000n\000g\000\040\000U\000s\000e\000r\000s\000\040\000A\000c\000t\000i\000o\000n\000s\000\040\000f\000r\000o\000m\000\040\000S\000e\000n\000t\000i\000m\000e\000n\000t}{section.2.3}% 31
\BOOKMARK [2][-]{subsection.2.3.8}{\376\377\000N\000o\000n\000-\000H\000i\000e\000r\000a\000r\000c\000h\000i\000c\000a\000l\000\040\000A\000c\000t\000i\000o\000n\000\040\000C\000l\000a\000s\000s\000i\000f\000i\000e\000r}{section.2.3}% 32
\BOOKMARK [2][-]{subsection.2.3.9}{\376\377\000H\000i\000e\000r\000a\000r\000c\000h\000i\000c\000a\000l\000\040\000C\000l\000a\000s\000s\000i\000f\000i\000e\000r}{section.2.3}% 33
\BOOKMARK [1][-]{section.2.4}{\376\377\000C\000h\000a\000l\000l\000e\000n\000g\000e\000s\000\040\000o\000r\000\040\000p\000r\000o\000b\000l\000e\000m\000s\000\040\000f\000a\000c\000e\000d\000\040\000w\000i\000t\000h\000\040\000t\000h\000e\000\040\000c\000u\000r\000r\000e\000n\000t\000\040\000s\000y\000s\000t\000e\000m\000s}{chapter.2}% 34
\BOOKMARK [1][-]{section.2.5}{\376\377\000A\000n\000a\000l\000y\000s\000i\000s\000\040\000o\000f\000\040\000t\000h\000e\000\040\000p\000r\000o\000p\000o\000s\000e\000d\000\040\000s\000y\000s\000t\000e\000m}{chapter.2}% 35
\BOOKMARK [1][-]{section.2.6}{\376\377\000C\000h\000a\000p\000t\000e\000r\000\040\000C\000o\000n\000c\000l\000u\000s\000i\000o\000n}{chapter.2}% 36
\BOOKMARK [0][-]{chapter.3}{\376\377\000P\000r\000o\000p\000o\000s\000e\000d\000\040\000S\000e\000n\000t\000i\000m\000e\000n\000t\000\040\000A\000n\000a\000l\000y\000s\000i\000s\000\040\000S\000y\000s\000t\000e\000m}{}% 37
\BOOKMARK [1][-]{section.3.1}{\376\377\000M\000E\000T\000H\000O\000D\000O\000L\000O\000G\000Y}{chapter.3}% 38
\BOOKMARK [2][-]{subsection.3.1.1}{\376\377\000I\000n\000t\000r\000o\000d\000u\000c\000t\000i\000o\000n}{section.3.1}% 39
\BOOKMARK [1][-]{section.3.2}{\376\377\000L\000e\000x\000i\000c\000o\000n\000\040\000\050\000V\000a\000d\000e\000r\000S\000e\000n\000t\000i\000m\000e\000n\000t\000\051}{chapter.3}% 40
\BOOKMARK [2][-]{subsection.3.2.1}{\376\377\000S\000u\000b\000j\000e\000c\000t\000i\000v\000i\000t\000y\000\040\000a\000n\000d\000\040\000O\000b\000j\000e\000c\000t\000i\000v\000i\000t\000y\000\040\000\050\000T\000e\000x\000t\000B\000l\000o\000b\000\051}{section.3.2}% 41
\BOOKMARK [2][-]{subsection.3.2.2}{\376\377\000M\000u\000l\000t\000i\000-\000l\000a\000b\000e\000l\000\040\000c\000o\000n\000v\000o\000l\000u\000t\000i\000o\000n\000a\000l\000\040\000n\000e\000u\000r\000a\000l\000\040\000n\000e\000t\000w\000o\000r\000k\000\040\000t\000e\000x\000t\000\040\000c\000l\000a\000s\000s\000i\000f\000i\000e\000r\000\040\000\050\000S\000p\000a\000c\000y\000\051}{section.3.2}% 42
\BOOKMARK [2][-]{subsection.3.2.3}{\376\377\000T\000r\000a\000i\000n\000i\000n\000g\000\040\000D\000a\000t\000a\000s\000e\000t\000\040\000\050\000I\000S\000E\000A\000R\000\051}{section.3.2}% 43
\BOOKMARK [2][-]{subsection.3.2.4}{\376\377\000S\000t\000r\000e\000a\000m\000i\000n\000g\000\040\000t\000w\000i\000t\000t\000e\000r\000\040\000\050\000t\000w\000e\000e\000p\000y\000\051}{section.3.2}% 44
\BOOKMARK [2][-]{subsection.3.2.5}{\376\377\000T\000e\000x\000t\000\040\000P\000r\000o\000c\000e\000s\000s\000i\000n\000g\000\040\000d\000o\000c\000u\000m\000e\000n\000t}{section.3.2}% 45
\BOOKMARK [2][-]{subsection.3.2.6}{\376\377\000C\000o\000n\000f\000u\000s\000i\000o\000n\000\040\000m\000a\000t\000r\000i\000x}{section.3.2}% 46
\BOOKMARK [0][-]{chapter.4}{\376\377\000I\000m\000p\000l\000e\000m\000e\000n\000t\000i\000n\000g\000\040\000S\000e\000n\000t\000i\000m\000e\000n\000t\000\040\000a\000n\000a\000l\000y\000s\000i\000s}{}% 47
\BOOKMARK [1][-]{subsection.4.0.1}{\376\377\000I\000m\000p\000l\000e\000m\000e\000n\000t\000i\000n\000g\000\040\000\050\000V\000a\000d\000e\000r\000S\000e\000n\000t\000i\000m\000e\000n\000t\000\040\000a\000n\000d\000\040\000T\000e\000x\000t\000B\000l\000o\000b\000\051}{chapter.4}% 48
\BOOKMARK [2][-]{subsection.4.0.2}{\376\377\000T\000r\000a\000i\000n\000i\000n\000g\000\040\000S\000p\000a\000C\000y\000\040\000T\000e\000x\000t\000\040\000c\000l\000a\000s\000s\000i\000f\000i\000e\000r}{subsection.4.0.1}% 49
\BOOKMARK [2][-]{subsection.4.0.3}{\376\377\000S\000t\000r\000e\000a\000m\000i\000n\000g\000\040\000t\000w\000i\000t\000t\000e\000r\000\040\000A\000P\000I\000\050\000T\000w\000e\000e\000p\000y\000\051}{subsection.4.0.1}% 50
\BOOKMARK [2][-]{subsection.4.0.4}{\376\377\000E\000v\000a\000l\000u\000a\000t\000i\000n\000g\000\040\000S\000p\000a\000C\000y\000\040\000c\000l\000a\000s\000s\000i\000f\000i\000c\000a\000t\000i\000o\000n\000\040\000m\000o\000d\000e\000l}{subsection.4.0.1}% 51
\BOOKMARK [1][-]{section.4.1}{\376\377\000S\000y\000s\000t\000e\000m\000\040\000d\000e\000s\000i\000g\000n}{chapter.4}% 52
\BOOKMARK [2][-]{subsection.4.1.1}{\376\377\000I\000N\000T\000R\000O\000D\000U\000C\000T\000I\000O\000N}{section.4.1}% 53
\BOOKMARK [2][-]{subsection.4.1.2}{\376\377\000P\000u\000r\000p\000o\000s\000e}{section.4.1}% 54
\BOOKMARK [2][-]{subsection.4.1.3}{\376\377\000S\000c\000o\000p\000e}{section.4.1}% 55
\BOOKMARK [2][-]{subsection.4.1.4}{\376\377\000S\000y\000s\000t\000e\000m\000\040\000o\000v\000e\000r\000v\000i\000e\000w}{section.4.1}% 56
\BOOKMARK [2][-]{subsection.4.1.5}{\376\377\000A\000r\000c\000h\000i\000t\000e\000c\000t\000u\000r\000a\000l\000\040\000D\000e\000s\000i\000g\000n}{section.4.1}% 57
\BOOKMARK [2][-]{subsection.4.1.6}{\376\377\000S\000e\000n\000t\000i\000m\000e\000n\000t\000\040\000A\000n\000a\000l\000y\000s\000i\000s\000\040\000\050\000d\000e\000t\000e\000c\000t\000i\000o\000n\000\040\000a\000n\000d\000\040\000c\000l\000a\000s\000s\000i\000f\000i\000c\000a\000t\000i\000o\000n\000\051}{section.4.1}% 58
\BOOKMARK [2][-]{subsection.4.1.7}{\376\377\000S\000e\000q\000u\000e\000n\000c\000e\000\040\000D\000i\000a\000g\000r\000a\000m}{section.4.1}% 59
\BOOKMARK [2][-]{subsection.4.1.8}{\376\377\000U\000s\000e\000\040\000C\000a\000s\000e\000\040\000D\000i\000a\000g\000r\000a\000m\000s}{section.4.1}% 60
\BOOKMARK [1][-]{section.4.2}{\376\377\000D\000e\000v\000e\000l\000o\000p\000m\000e\000n\000t\000\040\000T\000o\000o\000l\000s}{chapter.4}% 61
\BOOKMARK [2][-]{subsection.4.2.1}{\376\377\000S\000p\000a\000C\000y}{section.4.2}% 62
\BOOKMARK [2][-]{subsection.4.2.2}{\376\377\000V\000a\000d\000e\000r\000S\000e\000n\000t\000i\000m\000e\000n\000t}{section.4.2}% 63
\BOOKMARK [2][-]{subsection.4.2.3}{\376\377\000T\000e\000x\000t\000B\000l\000o\000b}{section.4.2}% 64
\BOOKMARK [2][-]{subsection.4.2.4}{\376\377\000J\000u\000p\000y\000t\000e\000r\000\040\000N\000o\000t\000e\000b\000o\000o\000k}{section.4.2}% 65
\BOOKMARK [2][-]{subsection.4.2.5}{\376\377\000M\000a\000t\000p\000l\000o\000t\000L\000i\000b}{section.4.2}% 66
\BOOKMARK [1][-]{section.4.3}{\376\377\000C\000r\000e\000a\000t\000i\000n\000g\000\040\000T\000w\000i\000t\000t\000e\000r\000\040\000A\000p\000p\000l\000i\000c\000a\000t\000i\000o\000n}{chapter.4}% 67
\BOOKMARK [1][-]{section.4.4}{\376\377\000I\000m\000p\000l\000i\000c\000a\000t\000i\000o\000n\000s\000\040\000o\000f\000\040\000f\000i\000n\000d\000i\000n\000g\000s}{chapter.4}% 68
\BOOKMARK [0][-]{chapter.5}{\376\377\000R\000E\000C\000O\000M\000M\000E\000N\000D\000A\000T\000I\000O\000N\000S\000,\000\040\000F\000U\000T\000U\000R\000E\000\040\000W\000O\000R\000K\000\040\000A\000N\000D\000\040\000C\000O\000N\000C\000L\000U\000S\000I\000O\000N}{}% 69
\BOOKMARK [1][-]{subsection.5.0.1}{\376\377\000R\000e\000c\000o\000m\000m\000e\000n\000d\000a\000t\000i\000o\000n\000s}{chapter.5}% 70
\BOOKMARK [2][-]{subsection.5.0.2}{\376\377\000F\000u\000t\000u\000r\000e\000\040\000W\000o\000r\000k}{subsection.5.0.1}% 71
\BOOKMARK [0][-]{chapter.6}{\376\377\000R\000e\000s\000u\000l\000t\000s\000\040\000a\000n\000d\000\040\000a\000n\000a\000l\000y\000s\000i\000s}{}% 72
\BOOKMARK [1][-]{section.6.1}{\376\377\000D\000a\000t\000a\000\040\000v\000i\000s\000u\000a\000l\000i\000z\000a\000t\000i\000o\000n}{chapter.6}% 73
\BOOKMARK [2][-]{subsection.6.1.1}{\376\377\000m\000a\000t\000p\000l\000o\000t\000l\000i\000b\000\040\000a\000n\000d\000\040\000s\000e\000a\000b\000o\000r\000n}{section.6.1}% 74
\BOOKMARK [0][-]{chapter.7}{\376\377\000C\000o\000n\000c\000l\000u\000s\000i\000o\000n}{}% 75
